<?xml version="1.0" encoding="UTF-8"?>
<TestRun id="133dc06a-401c-a319-130b-832332f29194" name="Jochen@Jochen-PC 2019-03-28T20:55:47" runUser="Jochen" xmlns="http://microsoft.com/schemas/VisualStudio/TeamTest/2010">
  <TestSettings name="Karma Test Run" id="d56ddfb8-ca7b-c722-6a80-9990500cb997"/>
  <Times creation="2019-03-28T20:55:47" queuing="2019-03-28T20:55:47" start="2019-03-28T20:55:47" finish="2019-03-28T20:55:47"/>
  <ResultSummary outcome="Passed">
    <Counters total="41" executed="41" passed="41" error="0" failed="0"/>
  </ResultSummary>
  <TestDefinitions>
    <UnitTest name="Chrome 73.0.3683 (Windows 10 0.0.0)_first eviction after cache size hits" id="d3c72461-1dc0-73b8-26bd-0da3029a77f0">
      <Execution id="dd568010-3977-b1e3-c9f6-5de274fcd143"/>
      <TestMethod codeBase="LruPageStateEvictions.Chrome 73.0.3683 (Windows 10 0.0.0)_first eviction after cache size hits" name="Chrome 73.0.3683 (Windows 10 0.0.0)_first eviction after cache size hits" className="LruPageStateEvictions"/>
    </UnitTest>
    <UnitTest name="Chrome 73.0.3683 (Windows 10 0.0.0)_hit with edit mode true is not evicted" id="38629e69-218f-5240-3a3a-283340b7b640">
      <Execution id="7671be14-9034-0363-fa59-4c3ca3de6434"/>
      <TestMethod codeBase="LruPageStateEvictions.Chrome 73.0.3683 (Windows 10 0.0.0)_hit with edit mode true is not evicted" name="Chrome 73.0.3683 (Windows 10 0.0.0)_hit with edit mode true is not evicted" className="LruPageStateEvictions"/>
    </UnitTest>
    <UnitTest name="Chrome 73.0.3683 (Windows 10 0.0.0)_hit with open requests is not evicted" id="25412584-1e13-c535-312f-cdf7664769be">
      <Execution id="8da65d85-d5f9-2edb-d19f-f9265cd1e05a"/>
      <TestMethod codeBase="LruPageStateEvictions.Chrome 73.0.3683 (Windows 10 0.0.0)_hit with open requests is not evicted" name="Chrome 73.0.3683 (Windows 10 0.0.0)_hit with open requests is not evicted" className="LruPageStateEvictions"/>
    </UnitTest>
    <UnitTest name="Chrome 73.0.3683 (Windows 10 0.0.0)_repeating a hit will correctly evict previous nodes" id="7ca204c2-f273-6cc9-ab0a-4e82b4ed7062">
      <Execution id="deba1ea6-1e81-038e-fc57-f90eb731d8a3"/>
      <TestMethod codeBase="LruPageStateEvictions.Chrome 73.0.3683 (Windows 10 0.0.0)_repeating a hit will correctly evict previous nodes" name="Chrome 73.0.3683 (Windows 10 0.0.0)_repeating a hit will correctly evict previous nodes" className="LruPageStateEvictions"/>
    </UnitTest>
    <UnitTest name="Chrome 73.0.3683 (Windows 10 0.0.0)_repeating the same two hits will not evict anything" id="17258a68-af03-1958-de39-4b84b304042b">
      <Execution id="965e1f7c-82aa-b6b8-279d-ff4498032747"/>
      <TestMethod codeBase="LruPageStateEvictions.Chrome 73.0.3683 (Windows 10 0.0.0)_repeating the same two hits will not evict anything" name="Chrome 73.0.3683 (Windows 10 0.0.0)_repeating the same two hits will not evict anything" className="LruPageStateEvictions"/>
    </UnitTest>
    <UnitTest name="Chrome 73.0.3683 (Windows 10 0.0.0)_hit with page request is not evicted" id="b75088a5-6d4f-fb15-e7ec-ac861333dd10">
      <Execution id="7849fe45-58bc-de8a-db2c-6de1af736210"/>
      <TestMethod codeBase="LruPageStateEvictions.Chrome 73.0.3683 (Windows 10 0.0.0)_hit with page request is not evicted" name="Chrome 73.0.3683 (Windows 10 0.0.0)_hit with page request is not evicted" className="LruPageStateEvictions"/>
    </UnitTest>
    <UnitTest name="Chrome 73.0.3683 (Windows 10 0.0.0)_url fragment without parameters and hash is correctly splitted" id="5ac751ef-5613-cca4-a95b-0469c2df990b">
      <Execution id="47d4ec7b-947e-61d4-b09b-f2d42d39b47e"/>
      <TestMethod codeBase="UrlFragment.Chrome 73.0.3683 (Windows 10 0.0.0)_url fragment without parameters and hash is correctly splitted" name="Chrome 73.0.3683 (Windows 10 0.0.0)_url fragment without parameters and hash is correctly splitted" className="UrlFragment"/>
    </UnitTest>
    <UnitTest name="Chrome 73.0.3683 (Windows 10 0.0.0)_route with parameters and hash is correctly splitted" id="355f3ab9-4bbc-6e96-a458-02e5aae8cd0c">
      <Execution id="9472fc76-2879-d458-45b1-7a1d83ec9ead"/>
      <TestMethod codeBase="UrlFragment.Chrome 73.0.3683 (Windows 10 0.0.0)_route with parameters and hash is correctly splitted" name="Chrome 73.0.3683 (Windows 10 0.0.0)_route with parameters and hash is correctly splitted" className="UrlFragment"/>
    </UnitTest>
    <UnitTest name="Chrome 73.0.3683 (Windows 10 0.0.0)_url fragment without hash is correctly splitted" id="a53aa019-47fe-2b19-f0c3-4581fadb4b7d">
      <Execution id="13e44ab6-e725-04d1-1569-466579222779"/>
      <TestMethod codeBase="UrlFragment.Chrome 73.0.3683 (Windows 10 0.0.0)_url fragment without hash is correctly splitted" name="Chrome 73.0.3683 (Windows 10 0.0.0)_url fragment without hash is correctly splitted" className="UrlFragment"/>
    </UnitTest>
    <UnitTest name="Chrome 73.0.3683 (Windows 10 0.0.0)_url fragment without parameters and second hash is correctly splitted" id="ee0b20bc-c955-cf42-83d9-aaf7fc07a767">
      <Execution id="6d3c8b90-8053-f46c-4b47-e5b6940aac53"/>
      <TestMethod codeBase="UrlFragment.Chrome 73.0.3683 (Windows 10 0.0.0)_url fragment without parameters and second hash is correctly splitted" name="Chrome 73.0.3683 (Windows 10 0.0.0)_url fragment without parameters and second hash is correctly splitted" className="UrlFragment"/>
    </UnitTest>
    <UnitTest name="Chrome 73.0.3683 (Windows 10 0.0.0)_route with parameter regex in hash and no search is correctly splitted" id="736396ff-a021-b078-015a-9cb6a3a90c85">
      <Execution id="2744b9c0-3ed5-668a-b31b-3d8b7aa09df7"/>
      <TestMethod codeBase="UrlFragment.Chrome 73.0.3683 (Windows 10 0.0.0)_route with parameter regex in hash and no search is correctly splitted" name="Chrome 73.0.3683 (Windows 10 0.0.0)_route with parameter regex in hash and no search is correctly splitted" className="UrlFragment"/>
    </UnitTest>
    <UnitTest name="Chrome 73.0.3683 (Windows 10 0.0.0)_url fragment with parameters and second hash is correctly splitted" id="eb9c5cf8-b745-5ce0-7b6b-cb75d7a429af">
      <Execution id="f54ee07f-74a5-7912-790f-ef591f7cdd50"/>
      <TestMethod codeBase="UrlFragment.Chrome 73.0.3683 (Windows 10 0.0.0)_url fragment with parameters and second hash is correctly splitted" name="Chrome 73.0.3683 (Windows 10 0.0.0)_url fragment with parameters and second hash is correctly splitted" className="UrlFragment"/>
    </UnitTest>
    <UnitTest name="Chrome 73.0.3683 (Windows 10 0.0.0)_route with parameter regex in hash and search is correctly splitted" id="387079ed-bde3-f814-688c-b4f9d76ff770">
      <Execution id="6464fc76-06ae-ac57-c38d-67da5cae6f18"/>
      <TestMethod codeBase="UrlFragment.Chrome 73.0.3683 (Windows 10 0.0.0)_route with parameter regex in hash and search is correctly splitted" name="Chrome 73.0.3683 (Windows 10 0.0.0)_route with parameter regex in hash and search is correctly splitted" className="UrlFragment"/>
    </UnitTest>
    <UnitTest name="Chrome 73.0.3683 (Windows 10 0.0.0)_full url fragment (1 search parameters) is correctly splitted" id="64f3ff19-2e72-2e24-d600-94b03ab557c7">
      <Execution id="fd67e46c-2610-57b5-84e6-e84bab71c1b8"/>
      <TestMethod codeBase="UrlFragment.Chrome 73.0.3683 (Windows 10 0.0.0)_full url fragment (1 search parameters) is correctly splitted" name="Chrome 73.0.3683 (Windows 10 0.0.0)_full url fragment (1 search parameters) is correctly splitted" className="UrlFragment"/>
    </UnitTest>
    <UnitTest name="Chrome 73.0.3683 (Windows 10 0.0.0)_url fragment without parameters is correctly splitted" id="e80177ed-877f-1b69-99dd-b55556e0e442">
      <Execution id="91ef874a-5c5f-0317-4817-fee90add4fb6"/>
      <TestMethod codeBase="UrlFragment.Chrome 73.0.3683 (Windows 10 0.0.0)_url fragment without parameters is correctly splitted" name="Chrome 73.0.3683 (Windows 10 0.0.0)_url fragment without parameters is correctly splitted" className="UrlFragment"/>
    </UnitTest>
    <UnitTest name="Chrome 73.0.3683 (Windows 10 0.0.0)_full url fragment (2 search parameters) is correctly splitted" id="e4a10f2d-3262-a294-51f8-4d6a5efd2ac6">
      <Execution id="a7730242-6638-7591-c7ad-290b9ec2cb34"/>
      <TestMethod codeBase="UrlFragment.Chrome 73.0.3683 (Windows 10 0.0.0)_full url fragment (2 search parameters) is correctly splitted" name="Chrome 73.0.3683 (Windows 10 0.0.0)_full url fragment (2 search parameters) is correctly splitted" className="UrlFragment"/>
    </UnitTest>
    <UnitTest name="Chrome 73.0.3683 (Windows 10 0.0.0)_route with parameter that contains full url is correctly splitted" id="778eb742-e816-f98e-cf2d-caaa32826379">
      <Execution id="a64dcef7-1365-1a43-2a53-dbb620fb1e64"/>
      <TestMethod codeBase="UrlFragment.Chrome 73.0.3683 (Windows 10 0.0.0)_route with parameter that contains full url is correctly splitted" name="Chrome 73.0.3683 (Windows 10 0.0.0)_route with parameter that contains full url is correctly splitted" className="UrlFragment"/>
    </UnitTest>
    <UnitTest name="Chrome 73.0.3683 (Windows 10 0.0.0)_page id does not differ when another ignored parameter is added" id="7e7efaa2-e29d-fa3f-a2c3-68b0368da369">
      <Execution id="33e9ab4a-a7ae-7af6-b9ab-e1096c816ac6"/>
      <TestMethod codeBase="PathAndSearchPageId with ignored parameters.Chrome 73.0.3683 (Windows 10 0.0.0)_page id does not differ when another ignored parameter is added" name="Chrome 73.0.3683 (Windows 10 0.0.0)_page id does not differ when another ignored parameter is added" className="PathAndSearchPageId with ignored parameters"/>
    </UnitTest>
    <UnitTest name="Chrome 73.0.3683 (Windows 10 0.0.0)_page id does not differ when ignored parameter is added" id="e1c2f081-7a8e-3686-db9a-ac7d2c18fcbd">
      <Execution id="9f879d0f-1823-c286-3fe9-3b7f8990aa5b"/>
      <TestMethod codeBase="PathAndSearchPageId with ignored parameters.Chrome 73.0.3683 (Windows 10 0.0.0)_page id does not differ when ignored parameter is added" name="Chrome 73.0.3683 (Windows 10 0.0.0)_page id does not differ when ignored parameter is added" className="PathAndSearchPageId with ignored parameters"/>
    </UnitTest>
    <UnitTest name="Chrome 73.0.3683 (Windows 10 0.0.0)_page id does not differ when hash changes" id="7337a111-76bf-38c6-28f2-ed26d614c9ba">
      <Execution id="7a9207a9-a032-bb42-907f-11b759041b5e"/>
      <TestMethod codeBase="PathAndSearchPageId with ignored parameters.Chrome 73.0.3683 (Windows 10 0.0.0)_page id does not differ when hash changes" name="Chrome 73.0.3683 (Windows 10 0.0.0)_page id does not differ when hash changes" className="PathAndSearchPageId with ignored parameters"/>
    </UnitTest>
    <UnitTest name="Chrome 73.0.3683 (Windows 10 0.0.0)_path with two parameters and search is matched" id="f84f9296-b3fa-6271-b50b-d1255022ab19">
      <Execution id="1d6e367a-bd1f-5e97-db8a-80b8d3310457"/>
      <TestMethod codeBase="ComplexRouteMatching.Chrome 73.0.3683 (Windows 10 0.0.0)_path with two parameters and search is matched" name="Chrome 73.0.3683 (Windows 10 0.0.0)_path with two parameters and search is matched" className="ComplexRouteMatching"/>
    </UnitTest>
    <UnitTest name="Chrome 73.0.3683 (Windows 10 0.0.0)_simple path with one parameters is matched" id="749b537c-3b86-85ba-4fa1-745d43b5f588">
      <Execution id="c12b8fbc-39f6-28be-7a56-b371f2bf2ad7"/>
      <TestMethod codeBase="ComplexRouteMatching.Chrome 73.0.3683 (Windows 10 0.0.0)_simple path with one parameters is matched" name="Chrome 73.0.3683 (Windows 10 0.0.0)_simple path with one parameters is matched" className="ComplexRouteMatching"/>
    </UnitTest>
    <UnitTest name="Chrome 73.0.3683 (Windows 10 0.0.0)_simple path with two parameters is NOT matched" id="dc3210f5-9781-4b52-2133-3d5840e01c8d">
      <Execution id="acba47ae-be32-b468-c367-a1e15260be0e"/>
      <TestMethod codeBase="ComplexRouteMatching.Chrome 73.0.3683 (Windows 10 0.0.0)_simple path with two parameters is NOT matched" name="Chrome 73.0.3683 (Windows 10 0.0.0)_simple path with two parameters is NOT matched" className="ComplexRouteMatching"/>
    </UnitTest>
    <UnitTest name="Chrome 73.0.3683 (Windows 10 0.0.0)_simple path without any parameters is NOT matched" id="185784e5-34d3-6d37-7730-b64743ac6eff">
      <Execution id="79ec4dcb-780b-a8c2-302a-dd5be78aea15"/>
      <TestMethod codeBase="ComplexRouteMatching.Chrome 73.0.3683 (Windows 10 0.0.0)_simple path without any parameters is NOT matched" name="Chrome 73.0.3683 (Windows 10 0.0.0)_simple path without any parameters is NOT matched" className="ComplexRouteMatching"/>
    </UnitTest>
    <UnitTest name="Chrome 73.0.3683 (Windows 10 0.0.0)_path with parameters and to few search parameters is NOT matched" id="e885ab0e-2c07-49cd-e722-676b9a154319">
      <Execution id="9e1e9c6d-48d0-85bc-454e-a8c88bd48a98"/>
      <TestMethod codeBase="ComplexRouteMatching.Chrome 73.0.3683 (Windows 10 0.0.0)_path with parameters and to few search parameters is NOT matched" name="Chrome 73.0.3683 (Windows 10 0.0.0)_path with parameters and to few search parameters is NOT matched" className="ComplexRouteMatching"/>
    </UnitTest>
    <UnitTest name="Chrome 73.0.3683 (Windows 10 0.0.0)_path with parameters, search and regex hash with capture group is matched CASE INSENTIVE" id="6a85c180-f3e4-186e-824f-edc24b5eef24">
      <Execution id="2e977aa7-637c-e4d4-923e-4fe81b18dd5c"/>
      <TestMethod codeBase="ComplexRouteMatching.Chrome 73.0.3683 (Windows 10 0.0.0)_path with parameters, search and regex hash with capture group is matched CASE INSENTIVE" name="Chrome 73.0.3683 (Windows 10 0.0.0)_path with parameters, search and regex hash with capture group is matched CASE INSENTIVE" className="ComplexRouteMatching"/>
    </UnitTest>
    <UnitTest name="Chrome 73.0.3683 (Windows 10 0.0.0)_path with parameters and to many search parameters is matched" id="58d2bfa0-4135-f5df-e996-66bd292eee97">
      <Execution id="86a2b586-bee2-3d68-9271-38a071c6fcd1"/>
      <TestMethod codeBase="ComplexRouteMatching.Chrome 73.0.3683 (Windows 10 0.0.0)_path with parameters and to many search parameters is matched" name="Chrome 73.0.3683 (Windows 10 0.0.0)_path with parameters and to many search parameters is matched" className="ComplexRouteMatching"/>
    </UnitTest>
    <UnitTest name="Chrome 73.0.3683 (Windows 10 0.0.0)_path with parameters, search and simple hash is matched" id="a44afce2-019d-f290-d138-be31c7100754">
      <Execution id="bd6094b7-b462-381e-712c-a8dfc455dede"/>
      <TestMethod codeBase="ComplexRouteMatching.Chrome 73.0.3683 (Windows 10 0.0.0)_path with parameters, search and simple hash is matched" name="Chrome 73.0.3683 (Windows 10 0.0.0)_path with parameters, search and simple hash is matched" className="ComplexRouteMatching"/>
    </UnitTest>
    <UnitTest name="Chrome 73.0.3683 (Windows 10 0.0.0)_simple path with two parameters is matched when casing differs" id="d1b8939c-b92a-7c31-6e6c-001292d9f645">
      <Execution id="822aad1c-7b4e-fd26-d62b-cef07418ee33"/>
      <TestMethod codeBase="ComplexRouteMatching.Chrome 73.0.3683 (Windows 10 0.0.0)_simple path with two parameters is matched when casing differs" name="Chrome 73.0.3683 (Windows 10 0.0.0)_simple path with two parameters is matched when casing differs" className="ComplexRouteMatching"/>
    </UnitTest>
    <UnitTest name="Chrome 73.0.3683 (Windows 10 0.0.0)_simple path without any parameters is matched when cased differently" id="d8409120-28d1-8a89-55e9-cfb3c027c4e5">
      <Execution id="f328f179-4c73-7e23-f0f3-4fc5484de259"/>
      <TestMethod codeBase="ComplexRouteMatching.Chrome 73.0.3683 (Windows 10 0.0.0)_simple path without any parameters is matched when cased differently" name="Chrome 73.0.3683 (Windows 10 0.0.0)_simple path without any parameters is matched when cased differently" className="ComplexRouteMatching"/>
    </UnitTest>
    <UnitTest name="Chrome 73.0.3683 (Windows 10 0.0.0)_simple path with two parameters is matched" id="582feee5-cdb6-a124-5581-3b16396690a1">
      <Execution id="80016e10-c6a8-c438-1ba5-5170aa989101"/>
      <TestMethod codeBase="ComplexRouteMatching.Chrome 73.0.3683 (Windows 10 0.0.0)_simple path with two parameters is matched" name="Chrome 73.0.3683 (Windows 10 0.0.0)_simple path with two parameters is matched" className="ComplexRouteMatching"/>
    </UnitTest>
    <UnitTest name="Chrome 73.0.3683 (Windows 10 0.0.0)_simple path without any parameters is matched" id="39ad6836-2c85-4480-9d2c-19964a183ec8">
      <Execution id="42f40ddf-f75f-3c83-958b-80670de0deff"/>
      <TestMethod codeBase="ComplexRouteMatching.Chrome 73.0.3683 (Windows 10 0.0.0)_simple path without any parameters is matched" name="Chrome 73.0.3683 (Windows 10 0.0.0)_simple path without any parameters is matched" className="ComplexRouteMatching"/>
    </UnitTest>
    <UnitTest name="Chrome 73.0.3683 (Windows 10 0.0.0)_path with parameters, search and regex hash with capture group is matched" id="e5f597bf-958d-c0fd-8d69-e962a047c980">
      <Execution id="5a357338-4073-0704-69dc-1ca9e05337e6"/>
      <TestMethod codeBase="ComplexRouteMatching.Chrome 73.0.3683 (Windows 10 0.0.0)_path with parameters, search and regex hash with capture group is matched" name="Chrome 73.0.3683 (Windows 10 0.0.0)_path with parameters, search and regex hash with capture group is matched" className="ComplexRouteMatching"/>
    </UnitTest>
    <UnitTest name="Chrome 73.0.3683 (Windows 10 0.0.0)_page id does not differ when params occur in different order" id="fae4bddd-2222-720f-921f-ee92362237c3">
      <Execution id="a99c77a6-e3fd-9b3b-c35e-9251f75c71df"/>
      <TestMethod codeBase="PathAndSearchPageId.Chrome 73.0.3683 (Windows 10 0.0.0)_page id does not differ when params occur in different order" name="Chrome 73.0.3683 (Windows 10 0.0.0)_page id does not differ when params occur in different order" className="PathAndSearchPageId"/>
    </UnitTest>
    <UnitTest name="Chrome 73.0.3683 (Windows 10 0.0.0)_page id does not differ when hash is missing" id="601d8b48-999e-f52a-7f26-cf098edc31d4">
      <Execution id="f4e6dd4f-cd20-ca9e-9d97-4cacdca17eb1"/>
      <TestMethod codeBase="PathAndSearchPageId.Chrome 73.0.3683 (Windows 10 0.0.0)_page id does not differ when hash is missing" name="Chrome 73.0.3683 (Windows 10 0.0.0)_page id does not differ when hash is missing" className="PathAndSearchPageId"/>
    </UnitTest>
    <UnitTest name="Chrome 73.0.3683 (Windows 10 0.0.0)_page id does not differ when hash changes" id="7a69fc18-9c15-a2c2-0b44-d76835cb2cb7">
      <Execution id="2d99cedd-c50e-d4a6-1068-9368291cce90"/>
      <TestMethod codeBase="PathAndSearchPageId.Chrome 73.0.3683 (Windows 10 0.0.0)_page id does not differ when hash changes" name="Chrome 73.0.3683 (Windows 10 0.0.0)_page id does not differ when hash changes" className="PathAndSearchPageId"/>
    </UnitTest>
    <UnitTest name="Chrome 73.0.3683 (Windows 10 0.0.0)_page id does differ when casing changes of parameter values" id="97e96100-b11c-3915-5515-5906aa7665d9">
      <Execution id="17f7b093-0eb9-e50b-82c9-ca6fcc86ce2a"/>
      <TestMethod codeBase="PathAndSearchPageId.Chrome 73.0.3683 (Windows 10 0.0.0)_page id does differ when casing changes of parameter values" name="Chrome 73.0.3683 (Windows 10 0.0.0)_page id does differ when casing changes of parameter values" className="PathAndSearchPageId"/>
    </UnitTest>
    <UnitTest name="Chrome 73.0.3683 (Windows 10 0.0.0)_page id is different for different search" id="449d5935-9974-0a87-d30d-a20a9aac076d">
      <Execution id="6b521c84-3c3e-86c7-3050-1b01c548421b"/>
      <TestMethod codeBase="PathAndSearchPageId.Chrome 73.0.3683 (Windows 10 0.0.0)_page id is different for different search" name="Chrome 73.0.3683 (Windows 10 0.0.0)_page id is different for different search" className="PathAndSearchPageId"/>
    </UnitTest>
    <UnitTest name="Chrome 73.0.3683 (Windows 10 0.0.0)_page id does not differ when casing changes of path and parameter changes" id="f2c33b00-b4cc-fec1-b50b-c1fc861585ee">
      <Execution id="7f3162e3-5546-31d0-e146-a65a5cbcca31"/>
      <TestMethod codeBase="PathAndSearchPageId.Chrome 73.0.3683 (Windows 10 0.0.0)_page id does not differ when casing changes of path and parameter changes" name="Chrome 73.0.3683 (Windows 10 0.0.0)_page id does not differ when casing changes of path and parameter changes" className="PathAndSearchPageId"/>
    </UnitTest>
    <UnitTest name="Chrome 73.0.3683 (Windows 10 0.0.0)_page id does not differ when protocol/server changes" id="9d43aa37-046b-65fd-72d1-b2ba6fe62fb3">
      <Execution id="eba1b154-198a-b171-7751-c984a692c119"/>
      <TestMethod codeBase="PathAndSearchPageId.Chrome 73.0.3683 (Windows 10 0.0.0)_page id does not differ when protocol/server changes" name="Chrome 73.0.3683 (Windows 10 0.0.0)_page id does not differ when protocol/server changes" className="PathAndSearchPageId"/>
    </UnitTest>
    <UnitTest name="Chrome 73.0.3683 (Windows 10 0.0.0)_page id is different for different path" id="aceb9d3b-80e9-8cf6-4a56-27e3eac859ef">
      <Execution id="4d92d954-daec-5028-5926-86ead087eed4"/>
      <TestMethod codeBase="PathAndSearchPageId.Chrome 73.0.3683 (Windows 10 0.0.0)_page id is different for different path" name="Chrome 73.0.3683 (Windows 10 0.0.0)_page id is different for different path" className="PathAndSearchPageId"/>
    </UnitTest>
  </TestDefinitions>
  <TestLists>
    <TestList name="Results Not in a List" id="8c84fa94-04c1-424b-9868-57a2d4851a1d"/>
    <TestList name="All Loaded Results" id="19431567-8539-422a-85d7-44ee4e166bda"/>
  </TestLists>
  <TestEntries>
    <TestEntry testId="d3c72461-1dc0-73b8-26bd-0da3029a77f0" executionId="dd568010-3977-b1e3-c9f6-5de274fcd143" testListId="8c84fa94-04c1-424b-9868-57a2d4851a1d"/>
    <TestEntry testId="38629e69-218f-5240-3a3a-283340b7b640" executionId="7671be14-9034-0363-fa59-4c3ca3de6434" testListId="8c84fa94-04c1-424b-9868-57a2d4851a1d"/>
    <TestEntry testId="25412584-1e13-c535-312f-cdf7664769be" executionId="8da65d85-d5f9-2edb-d19f-f9265cd1e05a" testListId="8c84fa94-04c1-424b-9868-57a2d4851a1d"/>
    <TestEntry testId="7ca204c2-f273-6cc9-ab0a-4e82b4ed7062" executionId="deba1ea6-1e81-038e-fc57-f90eb731d8a3" testListId="8c84fa94-04c1-424b-9868-57a2d4851a1d"/>
    <TestEntry testId="17258a68-af03-1958-de39-4b84b304042b" executionId="965e1f7c-82aa-b6b8-279d-ff4498032747" testListId="8c84fa94-04c1-424b-9868-57a2d4851a1d"/>
    <TestEntry testId="b75088a5-6d4f-fb15-e7ec-ac861333dd10" executionId="7849fe45-58bc-de8a-db2c-6de1af736210" testListId="8c84fa94-04c1-424b-9868-57a2d4851a1d"/>
    <TestEntry testId="5ac751ef-5613-cca4-a95b-0469c2df990b" executionId="47d4ec7b-947e-61d4-b09b-f2d42d39b47e" testListId="8c84fa94-04c1-424b-9868-57a2d4851a1d"/>
    <TestEntry testId="355f3ab9-4bbc-6e96-a458-02e5aae8cd0c" executionId="9472fc76-2879-d458-45b1-7a1d83ec9ead" testListId="8c84fa94-04c1-424b-9868-57a2d4851a1d"/>
    <TestEntry testId="a53aa019-47fe-2b19-f0c3-4581fadb4b7d" executionId="13e44ab6-e725-04d1-1569-466579222779" testListId="8c84fa94-04c1-424b-9868-57a2d4851a1d"/>
    <TestEntry testId="ee0b20bc-c955-cf42-83d9-aaf7fc07a767" executionId="6d3c8b90-8053-f46c-4b47-e5b6940aac53" testListId="8c84fa94-04c1-424b-9868-57a2d4851a1d"/>
    <TestEntry testId="736396ff-a021-b078-015a-9cb6a3a90c85" executionId="2744b9c0-3ed5-668a-b31b-3d8b7aa09df7" testListId="8c84fa94-04c1-424b-9868-57a2d4851a1d"/>
    <TestEntry testId="eb9c5cf8-b745-5ce0-7b6b-cb75d7a429af" executionId="f54ee07f-74a5-7912-790f-ef591f7cdd50" testListId="8c84fa94-04c1-424b-9868-57a2d4851a1d"/>
    <TestEntry testId="387079ed-bde3-f814-688c-b4f9d76ff770" executionId="6464fc76-06ae-ac57-c38d-67da5cae6f18" testListId="8c84fa94-04c1-424b-9868-57a2d4851a1d"/>
    <TestEntry testId="64f3ff19-2e72-2e24-d600-94b03ab557c7" executionId="fd67e46c-2610-57b5-84e6-e84bab71c1b8" testListId="8c84fa94-04c1-424b-9868-57a2d4851a1d"/>
    <TestEntry testId="e80177ed-877f-1b69-99dd-b55556e0e442" executionId="91ef874a-5c5f-0317-4817-fee90add4fb6" testListId="8c84fa94-04c1-424b-9868-57a2d4851a1d"/>
    <TestEntry testId="e4a10f2d-3262-a294-51f8-4d6a5efd2ac6" executionId="a7730242-6638-7591-c7ad-290b9ec2cb34" testListId="8c84fa94-04c1-424b-9868-57a2d4851a1d"/>
    <TestEntry testId="778eb742-e816-f98e-cf2d-caaa32826379" executionId="a64dcef7-1365-1a43-2a53-dbb620fb1e64" testListId="8c84fa94-04c1-424b-9868-57a2d4851a1d"/>
    <TestEntry testId="7e7efaa2-e29d-fa3f-a2c3-68b0368da369" executionId="33e9ab4a-a7ae-7af6-b9ab-e1096c816ac6" testListId="8c84fa94-04c1-424b-9868-57a2d4851a1d"/>
    <TestEntry testId="e1c2f081-7a8e-3686-db9a-ac7d2c18fcbd" executionId="9f879d0f-1823-c286-3fe9-3b7f8990aa5b" testListId="8c84fa94-04c1-424b-9868-57a2d4851a1d"/>
    <TestEntry testId="7337a111-76bf-38c6-28f2-ed26d614c9ba" executionId="7a9207a9-a032-bb42-907f-11b759041b5e" testListId="8c84fa94-04c1-424b-9868-57a2d4851a1d"/>
    <TestEntry testId="f84f9296-b3fa-6271-b50b-d1255022ab19" executionId="1d6e367a-bd1f-5e97-db8a-80b8d3310457" testListId="8c84fa94-04c1-424b-9868-57a2d4851a1d"/>
    <TestEntry testId="749b537c-3b86-85ba-4fa1-745d43b5f588" executionId="c12b8fbc-39f6-28be-7a56-b371f2bf2ad7" testListId="8c84fa94-04c1-424b-9868-57a2d4851a1d"/>
    <TestEntry testId="dc3210f5-9781-4b52-2133-3d5840e01c8d" executionId="acba47ae-be32-b468-c367-a1e15260be0e" testListId="8c84fa94-04c1-424b-9868-57a2d4851a1d"/>
    <TestEntry testId="185784e5-34d3-6d37-7730-b64743ac6eff" executionId="79ec4dcb-780b-a8c2-302a-dd5be78aea15" testListId="8c84fa94-04c1-424b-9868-57a2d4851a1d"/>
    <TestEntry testId="e885ab0e-2c07-49cd-e722-676b9a154319" executionId="9e1e9c6d-48d0-85bc-454e-a8c88bd48a98" testListId="8c84fa94-04c1-424b-9868-57a2d4851a1d"/>
    <TestEntry testId="6a85c180-f3e4-186e-824f-edc24b5eef24" executionId="2e977aa7-637c-e4d4-923e-4fe81b18dd5c" testListId="8c84fa94-04c1-424b-9868-57a2d4851a1d"/>
    <TestEntry testId="58d2bfa0-4135-f5df-e996-66bd292eee97" executionId="86a2b586-bee2-3d68-9271-38a071c6fcd1" testListId="8c84fa94-04c1-424b-9868-57a2d4851a1d"/>
    <TestEntry testId="a44afce2-019d-f290-d138-be31c7100754" executionId="bd6094b7-b462-381e-712c-a8dfc455dede" testListId="8c84fa94-04c1-424b-9868-57a2d4851a1d"/>
    <TestEntry testId="d1b8939c-b92a-7c31-6e6c-001292d9f645" executionId="822aad1c-7b4e-fd26-d62b-cef07418ee33" testListId="8c84fa94-04c1-424b-9868-57a2d4851a1d"/>
    <TestEntry testId="d8409120-28d1-8a89-55e9-cfb3c027c4e5" executionId="f328f179-4c73-7e23-f0f3-4fc5484de259" testListId="8c84fa94-04c1-424b-9868-57a2d4851a1d"/>
    <TestEntry testId="582feee5-cdb6-a124-5581-3b16396690a1" executionId="80016e10-c6a8-c438-1ba5-5170aa989101" testListId="8c84fa94-04c1-424b-9868-57a2d4851a1d"/>
    <TestEntry testId="39ad6836-2c85-4480-9d2c-19964a183ec8" executionId="42f40ddf-f75f-3c83-958b-80670de0deff" testListId="8c84fa94-04c1-424b-9868-57a2d4851a1d"/>
    <TestEntry testId="e5f597bf-958d-c0fd-8d69-e962a047c980" executionId="5a357338-4073-0704-69dc-1ca9e05337e6" testListId="8c84fa94-04c1-424b-9868-57a2d4851a1d"/>
    <TestEntry testId="fae4bddd-2222-720f-921f-ee92362237c3" executionId="a99c77a6-e3fd-9b3b-c35e-9251f75c71df" testListId="8c84fa94-04c1-424b-9868-57a2d4851a1d"/>
    <TestEntry testId="601d8b48-999e-f52a-7f26-cf098edc31d4" executionId="f4e6dd4f-cd20-ca9e-9d97-4cacdca17eb1" testListId="8c84fa94-04c1-424b-9868-57a2d4851a1d"/>
    <TestEntry testId="7a69fc18-9c15-a2c2-0b44-d76835cb2cb7" executionId="2d99cedd-c50e-d4a6-1068-9368291cce90" testListId="8c84fa94-04c1-424b-9868-57a2d4851a1d"/>
    <TestEntry testId="97e96100-b11c-3915-5515-5906aa7665d9" executionId="17f7b093-0eb9-e50b-82c9-ca6fcc86ce2a" testListId="8c84fa94-04c1-424b-9868-57a2d4851a1d"/>
    <TestEntry testId="449d5935-9974-0a87-d30d-a20a9aac076d" executionId="6b521c84-3c3e-86c7-3050-1b01c548421b" testListId="8c84fa94-04c1-424b-9868-57a2d4851a1d"/>
    <TestEntry testId="f2c33b00-b4cc-fec1-b50b-c1fc861585ee" executionId="7f3162e3-5546-31d0-e146-a65a5cbcca31" testListId="8c84fa94-04c1-424b-9868-57a2d4851a1d"/>
    <TestEntry testId="9d43aa37-046b-65fd-72d1-b2ba6fe62fb3" executionId="eba1b154-198a-b171-7751-c984a692c119" testListId="8c84fa94-04c1-424b-9868-57a2d4851a1d"/>
    <TestEntry testId="aceb9d3b-80e9-8cf6-4a56-27e3eac859ef" executionId="4d92d954-daec-5028-5926-86ead087eed4" testListId="8c84fa94-04c1-424b-9868-57a2d4851a1d"/>
  </TestEntries>
  <Results>
    <UnitTestResult executionId="dd568010-3977-b1e3-c9f6-5de274fcd143" testId="d3c72461-1dc0-73b8-26bd-0da3029a77f0" testName="Chrome 73.0.3683 (Windows 10 0.0.0)_first eviction after cache size hits" computerName="Jochen-PC" duration="00:00:00.001" startTime="2019-03-28T20:55:47" endTime="2019-03-28T20:55:47" testType="13cdc9d9-ddb5-4fa4-a97d-d965ccfc6d4b" outcome="Passed" testListId="8c84fa94-04c1-424b-9868-57a2d4851a1d"/>
    <UnitTestResult executionId="7671be14-9034-0363-fa59-4c3ca3de6434" testId="38629e69-218f-5240-3a3a-283340b7b640" testName="Chrome 73.0.3683 (Windows 10 0.0.0)_hit with edit mode true is not evicted" computerName="Jochen-PC" duration="00:00:00.000" startTime="2019-03-28T20:55:47" endTime="2019-03-28T20:55:47" testType="13cdc9d9-ddb5-4fa4-a97d-d965ccfc6d4b" outcome="Passed" testListId="8c84fa94-04c1-424b-9868-57a2d4851a1d"/>
    <UnitTestResult executionId="8da65d85-d5f9-2edb-d19f-f9265cd1e05a" testId="25412584-1e13-c535-312f-cdf7664769be" testName="Chrome 73.0.3683 (Windows 10 0.0.0)_hit with open requests is not evicted" computerName="Jochen-PC" duration="00:00:00.001" startTime="2019-03-28T20:55:47" endTime="2019-03-28T20:55:47" testType="13cdc9d9-ddb5-4fa4-a97d-d965ccfc6d4b" outcome="Passed" testListId="8c84fa94-04c1-424b-9868-57a2d4851a1d"/>
    <UnitTestResult executionId="deba1ea6-1e81-038e-fc57-f90eb731d8a3" testId="7ca204c2-f273-6cc9-ab0a-4e82b4ed7062" testName="Chrome 73.0.3683 (Windows 10 0.0.0)_repeating a hit will correctly evict previous nodes" computerName="Jochen-PC" duration="00:00:00.000" startTime="2019-03-28T20:55:47" endTime="2019-03-28T20:55:47" testType="13cdc9d9-ddb5-4fa4-a97d-d965ccfc6d4b" outcome="Passed" testListId="8c84fa94-04c1-424b-9868-57a2d4851a1d"/>
    <UnitTestResult executionId="965e1f7c-82aa-b6b8-279d-ff4498032747" testId="17258a68-af03-1958-de39-4b84b304042b" testName="Chrome 73.0.3683 (Windows 10 0.0.0)_repeating the same two hits will not evict anything" computerName="Jochen-PC" duration="00:00:00.000" startTime="2019-03-28T20:55:47" endTime="2019-03-28T20:55:47" testType="13cdc9d9-ddb5-4fa4-a97d-d965ccfc6d4b" outcome="Passed" testListId="8c84fa94-04c1-424b-9868-57a2d4851a1d"/>
    <UnitTestResult executionId="7849fe45-58bc-de8a-db2c-6de1af736210" testId="b75088a5-6d4f-fb15-e7ec-ac861333dd10" testName="Chrome 73.0.3683 (Windows 10 0.0.0)_hit with page request is not evicted" computerName="Jochen-PC" duration="00:00:00.000" startTime="2019-03-28T20:55:47" endTime="2019-03-28T20:55:47" testType="13cdc9d9-ddb5-4fa4-a97d-d965ccfc6d4b" outcome="Passed" testListId="8c84fa94-04c1-424b-9868-57a2d4851a1d"/>
    <UnitTestResult executionId="47d4ec7b-947e-61d4-b09b-f2d42d39b47e" testId="5ac751ef-5613-cca4-a95b-0469c2df990b" testName="Chrome 73.0.3683 (Windows 10 0.0.0)_url fragment without parameters and hash is correctly splitted" computerName="Jochen-PC" duration="00:00:00.000" startTime="2019-03-28T20:55:47" endTime="2019-03-28T20:55:47" testType="13cdc9d9-ddb5-4fa4-a97d-d965ccfc6d4b" outcome="Passed" testListId="8c84fa94-04c1-424b-9868-57a2d4851a1d"/>
    <UnitTestResult executionId="9472fc76-2879-d458-45b1-7a1d83ec9ead" testId="355f3ab9-4bbc-6e96-a458-02e5aae8cd0c" testName="Chrome 73.0.3683 (Windows 10 0.0.0)_route with parameters and hash is correctly splitted" computerName="Jochen-PC" duration="00:00:00.000" startTime="2019-03-28T20:55:47" endTime="2019-03-28T20:55:47" testType="13cdc9d9-ddb5-4fa4-a97d-d965ccfc6d4b" outcome="Passed" testListId="8c84fa94-04c1-424b-9868-57a2d4851a1d"/>
    <UnitTestResult executionId="13e44ab6-e725-04d1-1569-466579222779" testId="a53aa019-47fe-2b19-f0c3-4581fadb4b7d" testName="Chrome 73.0.3683 (Windows 10 0.0.0)_url fragment without hash is correctly splitted" computerName="Jochen-PC" duration="00:00:00.002" startTime="2019-03-28T20:55:47" endTime="2019-03-28T20:55:47" testType="13cdc9d9-ddb5-4fa4-a97d-d965ccfc6d4b" outcome="Passed" testListId="8c84fa94-04c1-424b-9868-57a2d4851a1d"/>
    <UnitTestResult executionId="6d3c8b90-8053-f46c-4b47-e5b6940aac53" testId="ee0b20bc-c955-cf42-83d9-aaf7fc07a767" testName="Chrome 73.0.3683 (Windows 10 0.0.0)_url fragment without parameters and second hash is correctly splitted" computerName="Jochen-PC" duration="00:00:00.001" startTime="2019-03-28T20:55:47" endTime="2019-03-28T20:55:47" testType="13cdc9d9-ddb5-4fa4-a97d-d965ccfc6d4b" outcome="Passed" testListId="8c84fa94-04c1-424b-9868-57a2d4851a1d"/>
    <UnitTestResult executionId="2744b9c0-3ed5-668a-b31b-3d8b7aa09df7" testId="736396ff-a021-b078-015a-9cb6a3a90c85" testName="Chrome 73.0.3683 (Windows 10 0.0.0)_route with parameter regex in hash and no search is correctly splitted" computerName="Jochen-PC" duration="00:00:00.000" startTime="2019-03-28T20:55:47" endTime="2019-03-28T20:55:47" testType="13cdc9d9-ddb5-4fa4-a97d-d965ccfc6d4b" outcome="Passed" testListId="8c84fa94-04c1-424b-9868-57a2d4851a1d"/>
    <UnitTestResult executionId="f54ee07f-74a5-7912-790f-ef591f7cdd50" testId="eb9c5cf8-b745-5ce0-7b6b-cb75d7a429af" testName="Chrome 73.0.3683 (Windows 10 0.0.0)_url fragment with parameters and second hash is correctly splitted" computerName="Jochen-PC" duration="00:00:00.000" startTime="2019-03-28T20:55:47" endTime="2019-03-28T20:55:47" testType="13cdc9d9-ddb5-4fa4-a97d-d965ccfc6d4b" outcome="Passed" testListId="8c84fa94-04c1-424b-9868-57a2d4851a1d"/>
    <UnitTestResult executionId="6464fc76-06ae-ac57-c38d-67da5cae6f18" testId="387079ed-bde3-f814-688c-b4f9d76ff770" testName="Chrome 73.0.3683 (Windows 10 0.0.0)_route with parameter regex in hash and search is correctly splitted" computerName="Jochen-PC" duration="00:00:00.000" startTime="2019-03-28T20:55:47" endTime="2019-03-28T20:55:47" testType="13cdc9d9-ddb5-4fa4-a97d-d965ccfc6d4b" outcome="Passed" testListId="8c84fa94-04c1-424b-9868-57a2d4851a1d"/>
    <UnitTestResult executionId="fd67e46c-2610-57b5-84e6-e84bab71c1b8" testId="64f3ff19-2e72-2e24-d600-94b03ab557c7" testName="Chrome 73.0.3683 (Windows 10 0.0.0)_full url fragment (1 search parameters) is correctly splitted" computerName="Jochen-PC" duration="00:00:00.000" startTime="2019-03-28T20:55:47" endTime="2019-03-28T20:55:47" testType="13cdc9d9-ddb5-4fa4-a97d-d965ccfc6d4b" outcome="Passed" testListId="8c84fa94-04c1-424b-9868-57a2d4851a1d"/>
    <UnitTestResult executionId="91ef874a-5c5f-0317-4817-fee90add4fb6" testId="e80177ed-877f-1b69-99dd-b55556e0e442" testName="Chrome 73.0.3683 (Windows 10 0.0.0)_url fragment without parameters is correctly splitted" computerName="Jochen-PC" duration="00:00:00.001" startTime="2019-03-28T20:55:47" endTime="2019-03-28T20:55:47" testType="13cdc9d9-ddb5-4fa4-a97d-d965ccfc6d4b" outcome="Passed" testListId="8c84fa94-04c1-424b-9868-57a2d4851a1d"/>
    <UnitTestResult executionId="a7730242-6638-7591-c7ad-290b9ec2cb34" testId="e4a10f2d-3262-a294-51f8-4d6a5efd2ac6" testName="Chrome 73.0.3683 (Windows 10 0.0.0)_full url fragment (2 search parameters) is correctly splitted" computerName="Jochen-PC" duration="00:00:00.001" startTime="2019-03-28T20:55:47" endTime="2019-03-28T20:55:47" testType="13cdc9d9-ddb5-4fa4-a97d-d965ccfc6d4b" outcome="Passed" testListId="8c84fa94-04c1-424b-9868-57a2d4851a1d"/>
    <UnitTestResult executionId="a64dcef7-1365-1a43-2a53-dbb620fb1e64" testId="778eb742-e816-f98e-cf2d-caaa32826379" testName="Chrome 73.0.3683 (Windows 10 0.0.0)_route with parameter that contains full url is correctly splitted" computerName="Jochen-PC" duration="00:00:00.000" startTime="2019-03-28T20:55:47" endTime="2019-03-28T20:55:47" testType="13cdc9d9-ddb5-4fa4-a97d-d965ccfc6d4b" outcome="Passed" testListId="8c84fa94-04c1-424b-9868-57a2d4851a1d"/>
    <UnitTestResult executionId="33e9ab4a-a7ae-7af6-b9ab-e1096c816ac6" testId="7e7efaa2-e29d-fa3f-a2c3-68b0368da369" testName="Chrome 73.0.3683 (Windows 10 0.0.0)_page id does not differ when another ignored parameter is added" computerName="Jochen-PC" duration="00:00:00.003" startTime="2019-03-28T20:55:47" endTime="2019-03-28T20:55:47" testType="13cdc9d9-ddb5-4fa4-a97d-d965ccfc6d4b" outcome="Passed" testListId="8c84fa94-04c1-424b-9868-57a2d4851a1d"/>
    <UnitTestResult executionId="9f879d0f-1823-c286-3fe9-3b7f8990aa5b" testId="e1c2f081-7a8e-3686-db9a-ac7d2c18fcbd" testName="Chrome 73.0.3683 (Windows 10 0.0.0)_page id does not differ when ignored parameter is added" computerName="Jochen-PC" duration="00:00:00.001" startTime="2019-03-28T20:55:47" endTime="2019-03-28T20:55:47" testType="13cdc9d9-ddb5-4fa4-a97d-d965ccfc6d4b" outcome="Passed" testListId="8c84fa94-04c1-424b-9868-57a2d4851a1d"/>
    <UnitTestResult executionId="7a9207a9-a032-bb42-907f-11b759041b5e" testId="7337a111-76bf-38c6-28f2-ed26d614c9ba" testName="Chrome 73.0.3683 (Windows 10 0.0.0)_page id does not differ when hash changes" computerName="Jochen-PC" duration="00:00:00.000" startTime="2019-03-28T20:55:47" endTime="2019-03-28T20:55:47" testType="13cdc9d9-ddb5-4fa4-a97d-d965ccfc6d4b" outcome="Passed" testListId="8c84fa94-04c1-424b-9868-57a2d4851a1d"/>
    <UnitTestResult executionId="1d6e367a-bd1f-5e97-db8a-80b8d3310457" testId="f84f9296-b3fa-6271-b50b-d1255022ab19" testName="Chrome 73.0.3683 (Windows 10 0.0.0)_path with two parameters and search is matched" computerName="Jochen-PC" duration="00:00:00.000" startTime="2019-03-28T20:55:47" endTime="2019-03-28T20:55:47" testType="13cdc9d9-ddb5-4fa4-a97d-d965ccfc6d4b" outcome="Passed" testListId="8c84fa94-04c1-424b-9868-57a2d4851a1d"/>
    <UnitTestResult executionId="c12b8fbc-39f6-28be-7a56-b371f2bf2ad7" testId="749b537c-3b86-85ba-4fa1-745d43b5f588" testName="Chrome 73.0.3683 (Windows 10 0.0.0)_simple path with one parameters is matched" computerName="Jochen-PC" duration="00:00:00.000" startTime="2019-03-28T20:55:47" endTime="2019-03-28T20:55:47" testType="13cdc9d9-ddb5-4fa4-a97d-d965ccfc6d4b" outcome="Passed" testListId="8c84fa94-04c1-424b-9868-57a2d4851a1d"/>
    <UnitTestResult executionId="acba47ae-be32-b468-c367-a1e15260be0e" testId="dc3210f5-9781-4b52-2133-3d5840e01c8d" testName="Chrome 73.0.3683 (Windows 10 0.0.0)_simple path with two parameters is NOT matched" computerName="Jochen-PC" duration="00:00:00.000" startTime="2019-03-28T20:55:47" endTime="2019-03-28T20:55:47" testType="13cdc9d9-ddb5-4fa4-a97d-d965ccfc6d4b" outcome="Passed" testListId="8c84fa94-04c1-424b-9868-57a2d4851a1d"/>
    <UnitTestResult executionId="79ec4dcb-780b-a8c2-302a-dd5be78aea15" testId="185784e5-34d3-6d37-7730-b64743ac6eff" testName="Chrome 73.0.3683 (Windows 10 0.0.0)_simple path without any parameters is NOT matched" computerName="Jochen-PC" duration="00:00:00.000" startTime="2019-03-28T20:55:47" endTime="2019-03-28T20:55:47" testType="13cdc9d9-ddb5-4fa4-a97d-d965ccfc6d4b" outcome="Passed" testListId="8c84fa94-04c1-424b-9868-57a2d4851a1d"/>
    <UnitTestResult executionId="9e1e9c6d-48d0-85bc-454e-a8c88bd48a98" testId="e885ab0e-2c07-49cd-e722-676b9a154319" testName="Chrome 73.0.3683 (Windows 10 0.0.0)_path with parameters and to few search parameters is NOT matched" computerName="Jochen-PC" duration="00:00:00.000" startTime="2019-03-28T20:55:47" endTime="2019-03-28T20:55:47" testType="13cdc9d9-ddb5-4fa4-a97d-d965ccfc6d4b" outcome="Passed" testListId="8c84fa94-04c1-424b-9868-57a2d4851a1d"/>
    <UnitTestResult executionId="2e977aa7-637c-e4d4-923e-4fe81b18dd5c" testId="6a85c180-f3e4-186e-824f-edc24b5eef24" testName="Chrome 73.0.3683 (Windows 10 0.0.0)_path with parameters, search and regex hash with capture group is matched CASE INSENTIVE" computerName="Jochen-PC" duration="00:00:00.000" startTime="2019-03-28T20:55:47" endTime="2019-03-28T20:55:47" testType="13cdc9d9-ddb5-4fa4-a97d-d965ccfc6d4b" outcome="Passed" testListId="8c84fa94-04c1-424b-9868-57a2d4851a1d"/>
    <UnitTestResult executionId="86a2b586-bee2-3d68-9271-38a071c6fcd1" testId="58d2bfa0-4135-f5df-e996-66bd292eee97" testName="Chrome 73.0.3683 (Windows 10 0.0.0)_path with parameters and to many search parameters is matched" computerName="Jochen-PC" duration="00:00:00.003" startTime="2019-03-28T20:55:47" endTime="2019-03-28T20:55:47" testType="13cdc9d9-ddb5-4fa4-a97d-d965ccfc6d4b" outcome="Passed" testListId="8c84fa94-04c1-424b-9868-57a2d4851a1d"/>
    <UnitTestResult executionId="bd6094b7-b462-381e-712c-a8dfc455dede" testId="a44afce2-019d-f290-d138-be31c7100754" testName="Chrome 73.0.3683 (Windows 10 0.0.0)_path with parameters, search and simple hash is matched" computerName="Jochen-PC" duration="00:00:00.000" startTime="2019-03-28T20:55:47" endTime="2019-03-28T20:55:47" testType="13cdc9d9-ddb5-4fa4-a97d-d965ccfc6d4b" outcome="Passed" testListId="8c84fa94-04c1-424b-9868-57a2d4851a1d"/>
    <UnitTestResult executionId="822aad1c-7b4e-fd26-d62b-cef07418ee33" testId="d1b8939c-b92a-7c31-6e6c-001292d9f645" testName="Chrome 73.0.3683 (Windows 10 0.0.0)_simple path with two parameters is matched when casing differs" computerName="Jochen-PC" duration="00:00:00.000" startTime="2019-03-28T20:55:47" endTime="2019-03-28T20:55:47" testType="13cdc9d9-ddb5-4fa4-a97d-d965ccfc6d4b" outcome="Passed" testListId="8c84fa94-04c1-424b-9868-57a2d4851a1d"/>
    <UnitTestResult executionId="f328f179-4c73-7e23-f0f3-4fc5484de259" testId="d8409120-28d1-8a89-55e9-cfb3c027c4e5" testName="Chrome 73.0.3683 (Windows 10 0.0.0)_simple path without any parameters is matched when cased differently" computerName="Jochen-PC" duration="00:00:00.001" startTime="2019-03-28T20:55:47" endTime="2019-03-28T20:55:47" testType="13cdc9d9-ddb5-4fa4-a97d-d965ccfc6d4b" outcome="Passed" testListId="8c84fa94-04c1-424b-9868-57a2d4851a1d"/>
    <UnitTestResult executionId="80016e10-c6a8-c438-1ba5-5170aa989101" testId="582feee5-cdb6-a124-5581-3b16396690a1" testName="Chrome 73.0.3683 (Windows 10 0.0.0)_simple path with two parameters is matched" computerName="Jochen-PC" duration="00:00:00.000" startTime="2019-03-28T20:55:47" endTime="2019-03-28T20:55:47" testType="13cdc9d9-ddb5-4fa4-a97d-d965ccfc6d4b" outcome="Passed" testListId="8c84fa94-04c1-424b-9868-57a2d4851a1d"/>
    <UnitTestResult executionId="42f40ddf-f75f-3c83-958b-80670de0deff" testId="39ad6836-2c85-4480-9d2c-19964a183ec8" testName="Chrome 73.0.3683 (Windows 10 0.0.0)_simple path without any parameters is matched" computerName="Jochen-PC" duration="00:00:00.000" startTime="2019-03-28T20:55:47" endTime="2019-03-28T20:55:47" testType="13cdc9d9-ddb5-4fa4-a97d-d965ccfc6d4b" outcome="Passed" testListId="8c84fa94-04c1-424b-9868-57a2d4851a1d"/>
    <UnitTestResult executionId="5a357338-4073-0704-69dc-1ca9e05337e6" testId="e5f597bf-958d-c0fd-8d69-e962a047c980" testName="Chrome 73.0.3683 (Windows 10 0.0.0)_path with parameters, search and regex hash with capture group is matched" computerName="Jochen-PC" duration="00:00:00.000" startTime="2019-03-28T20:55:47" endTime="2019-03-28T20:55:47" testType="13cdc9d9-ddb5-4fa4-a97d-d965ccfc6d4b" outcome="Passed" testListId="8c84fa94-04c1-424b-9868-57a2d4851a1d"/>
    <UnitTestResult executionId="a99c77a6-e3fd-9b3b-c35e-9251f75c71df" testId="fae4bddd-2222-720f-921f-ee92362237c3" testName="Chrome 73.0.3683 (Windows 10 0.0.0)_page id does not differ when params occur in different order" computerName="Jochen-PC" duration="00:00:00.000" startTime="2019-03-28T20:55:47" endTime="2019-03-28T20:55:47" testType="13cdc9d9-ddb5-4fa4-a97d-d965ccfc6d4b" outcome="Passed" testListId="8c84fa94-04c1-424b-9868-57a2d4851a1d"/>
    <UnitTestResult executionId="f4e6dd4f-cd20-ca9e-9d97-4cacdca17eb1" testId="601d8b48-999e-f52a-7f26-cf098edc31d4" testName="Chrome 73.0.3683 (Windows 10 0.0.0)_page id does not differ when hash is missing" computerName="Jochen-PC" duration="00:00:00.001" startTime="2019-03-28T20:55:47" endTime="2019-03-28T20:55:47" testType="13cdc9d9-ddb5-4fa4-a97d-d965ccfc6d4b" outcome="Passed" testListId="8c84fa94-04c1-424b-9868-57a2d4851a1d"/>
    <UnitTestResult executionId="2d99cedd-c50e-d4a6-1068-9368291cce90" testId="7a69fc18-9c15-a2c2-0b44-d76835cb2cb7" testName="Chrome 73.0.3683 (Windows 10 0.0.0)_page id does not differ when hash changes" computerName="Jochen-PC" duration="00:00:00.002" startTime="2019-03-28T20:55:47" endTime="2019-03-28T20:55:47" testType="13cdc9d9-ddb5-4fa4-a97d-d965ccfc6d4b" outcome="Passed" testListId="8c84fa94-04c1-424b-9868-57a2d4851a1d"/>
    <UnitTestResult executionId="17f7b093-0eb9-e50b-82c9-ca6fcc86ce2a" testId="97e96100-b11c-3915-5515-5906aa7665d9" testName="Chrome 73.0.3683 (Windows 10 0.0.0)_page id does differ when casing changes of parameter values" computerName="Jochen-PC" duration="00:00:00.000" startTime="2019-03-28T20:55:47" endTime="2019-03-28T20:55:47" testType="13cdc9d9-ddb5-4fa4-a97d-d965ccfc6d4b" outcome="Passed" testListId="8c84fa94-04c1-424b-9868-57a2d4851a1d"/>
    <UnitTestResult executionId="6b521c84-3c3e-86c7-3050-1b01c548421b" testId="449d5935-9974-0a87-d30d-a20a9aac076d" testName="Chrome 73.0.3683 (Windows 10 0.0.0)_page id is different for different search" computerName="Jochen-PC" duration="00:00:00.000" startTime="2019-03-28T20:55:47" endTime="2019-03-28T20:55:47" testType="13cdc9d9-ddb5-4fa4-a97d-d965ccfc6d4b" outcome="Passed" testListId="8c84fa94-04c1-424b-9868-57a2d4851a1d"/>
    <UnitTestResult executionId="7f3162e3-5546-31d0-e146-a65a5cbcca31" testId="f2c33b00-b4cc-fec1-b50b-c1fc861585ee" testName="Chrome 73.0.3683 (Windows 10 0.0.0)_page id does not differ when casing changes of path and parameter changes" computerName="Jochen-PC" duration="00:00:00.000" startTime="2019-03-28T20:55:47" endTime="2019-03-28T20:55:47" testType="13cdc9d9-ddb5-4fa4-a97d-d965ccfc6d4b" outcome="Passed" testListId="8c84fa94-04c1-424b-9868-57a2d4851a1d"/>
    <UnitTestResult executionId="eba1b154-198a-b171-7751-c984a692c119" testId="9d43aa37-046b-65fd-72d1-b2ba6fe62fb3" testName="Chrome 73.0.3683 (Windows 10 0.0.0)_page id does not differ when protocol/server changes" computerName="Jochen-PC" duration="00:00:00.000" startTime="2019-03-28T20:55:47" endTime="2019-03-28T20:55:47" testType="13cdc9d9-ddb5-4fa4-a97d-d965ccfc6d4b" outcome="Passed" testListId="8c84fa94-04c1-424b-9868-57a2d4851a1d"/>
    <UnitTestResult executionId="4d92d954-daec-5028-5926-86ead087eed4" testId="aceb9d3b-80e9-8cf6-4a56-27e3eac859ef" testName="Chrome 73.0.3683 (Windows 10 0.0.0)_page id is different for different path" computerName="Jochen-PC" duration="00:00:00.000" startTime="2019-03-28T20:55:47" endTime="2019-03-28T20:55:47" testType="13cdc9d9-ddb5-4fa4-a97d-d965ccfc6d4b" outcome="Passed" testListId="8c84fa94-04c1-424b-9868-57a2d4851a1d"/>
  </Results>
</TestRun>
