<?xml version="1.0" encoding="UTF-8"?>
<TestRun id="5424e177-a2e3-5c4f-53f3-8d9e345e3875" name="Jochen@Jochen-PC 2018-10-29T21:16:27" runUser="Jochen" xmlns="http://microsoft.com/schemas/VisualStudio/TeamTest/2010">
  <TestSettings name="Karma Test Run" id="f74eaac0-11d1-91ff-ea0a-b8f36b872b40"/>
  <Times creation="2018-10-29T21:16:27" queuing="2018-10-29T21:16:27" start="2018-10-29T21:16:27" finish="2018-10-29T21:16:28"/>
  <ResultSummary outcome="Passed">
    <Counters total="1" executed="1" passed="1" error="0" failed="0"/>
  </ResultSummary>
  <TestDefinitions>
    <UnitTest name="Chrome 70.0.3538 (Windows 10 0.0.0)_subcribe and trigger should work" id="3c28f2df-15b5-5b74-14d3-a7f83570dc0d">
      <Execution id="1608b186-68f8-f136-9ab1-1a53e7b9aa50"/>
      <TestMethod codeBase="Actions.Chrome 70.0.3538 (Windows 10 0.0.0)_subcribe and trigger should work" name="Chrome 70.0.3538 (Windows 10 0.0.0)_subcribe and trigger should work" className="Actions"/>
    </UnitTest>
  </TestDefinitions>
  <TestLists>
    <TestList name="Results Not in a List" id="8c84fa94-04c1-424b-9868-57a2d4851a1d"/>
    <TestList name="All Loaded Results" id="19431567-8539-422a-85d7-44ee4e166bda"/>
  </TestLists>
  <TestEntries>
    <TestEntry testId="3c28f2df-15b5-5b74-14d3-a7f83570dc0d" executionId="1608b186-68f8-f136-9ab1-1a53e7b9aa50" testListId="8c84fa94-04c1-424b-9868-57a2d4851a1d"/>
  </TestEntries>
  <Results>
    <UnitTestResult executionId="1608b186-68f8-f136-9ab1-1a53e7b9aa50" testId="3c28f2df-15b5-5b74-14d3-a7f83570dc0d" testName="Chrome 70.0.3538 (Windows 10 0.0.0)_subcribe and trigger should work" computerName="Jochen-PC" duration="00:00:00.003" startTime="2018-10-29T21:16:28" endTime="2018-10-29T21:16:28" testType="13cdc9d9-ddb5-4fa4-a97d-d965ccfc6d4b" outcome="Passed" testListId="8c84fa94-04c1-424b-9868-57a2d4851a1d"/>
  </Results>
</TestRun>
