<?xml version="1.0" encoding="UTF-8"?>
<TestRun id="1c62bb1f-5774-f71b-8663-d5eed2b2dab0" name="Jochen@Jochen-PC 2018-10-29T20:00:36" runUser="Jochen" xmlns="http://microsoft.com/schemas/VisualStudio/TeamTest/2010">
  <TestSettings name="Karma Test Run" id="19f3fa0a-861a-43c9-541d-5f153c8817c7"/>
  <Times creation="2018-10-29T20:00:36" queuing="2018-10-29T20:00:36" start="2018-10-29T20:00:36" finish="2018-10-29T20:00:37"/>
  <ResultSummary outcome="Passed">
    <Counters total="1" executed="1" passed="1" error="0" failed="0"/>
  </ResultSummary>
  <TestDefinitions>
    <UnitTest name="Chrome 70.0.3538 (Windows 10 0.0.0)_subcribe and trigger should work" id="01e0fb3b-dcf1-0915-392b-711afc17af19">
      <Execution id="0b3bb41b-5f98-84d3-063d-1c129b2ee3b6"/>
      <TestMethod codeBase="Actions.Chrome 70.0.3538 (Windows 10 0.0.0)_subcribe and trigger should work" name="Chrome 70.0.3538 (Windows 10 0.0.0)_subcribe and trigger should work" className="Actions"/>
    </UnitTest>
  </TestDefinitions>
  <TestLists>
    <TestList name="Results Not in a List" id="8c84fa94-04c1-424b-9868-57a2d4851a1d"/>
    <TestList name="All Loaded Results" id="19431567-8539-422a-85d7-44ee4e166bda"/>
  </TestLists>
  <TestEntries>
    <TestEntry testId="01e0fb3b-dcf1-0915-392b-711afc17af19" executionId="0b3bb41b-5f98-84d3-063d-1c129b2ee3b6" testListId="8c84fa94-04c1-424b-9868-57a2d4851a1d"/>
  </TestEntries>
  <Results>
    <UnitTestResult executionId="0b3bb41b-5f98-84d3-063d-1c129b2ee3b6" testId="01e0fb3b-dcf1-0915-392b-711afc17af19" testName="Chrome 70.0.3538 (Windows 10 0.0.0)_subcribe and trigger should work" computerName="Jochen-PC" duration="00:00:00.004" startTime="2018-10-29T20:00:37" endTime="2018-10-29T20:00:37" testType="13cdc9d9-ddb5-4fa4-a97d-d965ccfc6d4b" outcome="Passed" testListId="8c84fa94-04c1-424b-9868-57a2d4851a1d"/>
  </Results>
</TestRun>
